<?xml version="1.0" encoding="UTF-8"?>
<robot generator="Robot 3.2.2 (Python 3.11.1 on win32)" generated="20240323 17:52:00.622" rpa="false">
<suite id="s1" name="RobotProject1" source="C:\Users\Bharat Choudhary\git\Robot-Project\RobotProject1">
<suite id="s1-s1" name="Testcases" source="C:\Users\Bharat Choudhary\git\Robot-Project\RobotProject1\Testcases">
<suite id="s1-s1-s1" name="Forloop" source="C:\Users\Bharat Choudhary\git\Robot-Project\RobotProject1\Testcases\forloop.robot">
<test id="s1-s1-s1-t1" name="Myfirstcase">
<kw name="Login into application">
<kw name="Open Browser" library="SeleniumLibrary">
<doc>Opens a new browser instance to the optional ``url``.</doc>
<arguments>
<arg>${URL}</arg>
<arg>${DEFINE_BROW}</arg>
</arguments>
<msg timestamp="20240323 17:52:01.555" level="INFO">Opening browser 'Edge' to base url 'https://opensource-demo.orangehrmlive.com/'.</msg>
<status status="PASS" starttime="20240323 17:52:01.554" endtime="20240323 17:52:17.656"></status>
</kw>
<kw name="Maximize Browser Window" library="SeleniumLibrary">
<doc>Maximizes current browser window.</doc>
<status status="PASS" starttime="20240323 17:52:17.657" endtime="20240323 17:52:17.820"></status>
</kw>
<kw name="Set Browser Implicit Wait" library="SeleniumLibrary">
<doc>Sets the implicit wait value used by Selenium.</doc>
<arguments>
<arg>5s</arg>
</arguments>
<status status="PASS" starttime="20240323 17:52:17.820" endtime="20240323 17:52:17.824"></status>
</kw>
<kw name="Input Text" library="SeleniumLibrary">
<doc>Types the given ``text`` into the text field identified by ``locator``.</doc>
<arguments>
<arg>${USERNAME_TXT}</arg>
<arg>Admin</arg>
</arguments>
<msg timestamp="20240323 17:52:17.825" level="INFO">Typing text 'Admin' into text field 'xpath=//input[@name='username']'.</msg>
<status status="PASS" starttime="20240323 17:52:17.824" endtime="20240323 17:52:18.703"></status>
</kw>
<kw name="Input Text" library="SeleniumLibrary">
<doc>Types the given ``text`` into the text field identified by ``locator``.</doc>
<arguments>
<arg>${PASSWORD_TXT}</arg>
<arg>admin123</arg>
</arguments>
<msg timestamp="20240323 17:52:18.706" level="INFO">Typing text 'admin123' into text field 'xpath=//input[@name='password']'.</msg>
<status status="PASS" starttime="20240323 17:52:18.704" endtime="20240323 17:52:18.964"></status>
</kw>
<kw name="Click Element" library="SeleniumLibrary">
<doc>Click the element identified by ``locator``.</doc>
<arguments>
<arg>${LOGIN_BUTTON}</arg>
</arguments>
<msg timestamp="20240323 17:52:18.967" level="INFO">Clicking element 'xpath=//button[@type='submit']'.</msg>
<status status="PASS" starttime="20240323 17:52:18.965" endtime="20240323 17:52:19.126"></status>
</kw>
<status status="PASS" starttime="20240323 17:52:01.552" endtime="20240323 17:52:19.128"></status>
</kw>
<kw name="Sleep" library="BuiltIn">
<doc>Pauses the test executed for the given time.</doc>
<arguments>
<arg>4</arg>
</arguments>
<msg timestamp="20240323 17:52:23.131" level="INFO">Slept 4 seconds</msg>
<status status="PASS" starttime="20240323 17:52:19.129" endtime="20240323 17:52:23.131"></status>
</kw>
<kw name="Create List" library="BuiltIn">
<doc>Returns a list containing given items.</doc>
<arguments>
<arg>${SIDE_PANEL}</arg>
</arguments>
<assign>
<var>@{all_text}</var>
</assign>
<msg timestamp="20240323 17:52:23.133" level="INFO">@{all_text} = [ xpath=//div[@class='oxd-sidepanel-body'] ]</msg>
<status status="PASS" starttime="20240323 17:52:23.132" endtime="20240323 17:52:23.133"></status>
</kw>
<kw name="${elements} IN [ @{all_text} ]" type="for">
<kw name="${elements} = xpath=//div[@class='oxd-sidepanel-body']" type="foritem">
<kw name="Get Text" library="SeleniumLibrary">
<doc>Returns the text value of the element identified by ``locator``.</doc>
<arguments>
<arg>${elements}</arg>
</arguments>
<assign>
<var>${text}</var>
</assign>
<msg timestamp="20240323 17:52:23.248" level="INFO">${text} = Admin
PIM
Leave
Time
Recruitment
My Info
Performance
Dashboard
Directory
Maintenance
Claim
Buzz</msg>
<status status="PASS" starttime="20240323 17:52:23.135" endtime="20240323 17:52:23.248"></status>
</kw>
<kw name="Set Selenium Implicit Wait" library="SeleniumLibrary">
<doc>Sets the implicit wait value used by Selenium.</doc>
<arguments>
<arg>2</arg>
</arguments>
<status status="PASS" starttime="20240323 17:52:23.249" endtime="20240323 17:52:23.253"></status>
</kw>
<kw name="Input_Text_Search">
<arguments>
<arg>${text}</arg>
</arguments>
<kw name="Input Text" library="SeleniumLibrary">
<doc>Types the given ``text`` into the text field identified by ``locator``.</doc>
<arguments>
<arg>${SEARCH_BUTT}</arg>
<arg>${searchkeyword}</arg>
</arguments>
<msg timestamp="20240323 17:52:23.256" level="INFO">Typing text 'Admin
PIM
Leave
Time
Recruitment
My Info
Performance
Dashboard
Directory
Maintenance
Claim
Buzz' into text field 'xpath=//input[@class="oxd-input oxd-input--active"]'.</msg>
<status status="PASS" starttime="20240323 17:52:23.255" endtime="20240323 17:52:23.949"></status>
</kw>
<status status="PASS" starttime="20240323 17:52:23.253" endtime="20240323 17:52:23.950"></status>
</kw>
<kw name="Click_Search_Button">
<kw name="Click Element" library="SeleniumLibrary">
<doc>Click the element identified by ``locator``.</doc>
<arguments>
<arg>${SIDE_MENU_COLLAPSE}</arg>
</arguments>
<msg timestamp="20240323 17:52:23.951" level="INFO">Clicking element 'xpath=//button[@class="oxd-icon-button oxd-main-menu-button"]'.</msg>
<status status="PASS" starttime="20240323 17:52:23.951" endtime="20240323 17:52:24.048"></status>
</kw>
<kw name="Sleep" library="BuiltIn">
<doc>Pauses the test executed for the given time.</doc>
<arguments>
<arg>0.5</arg>
</arguments>
<msg timestamp="20240323 17:52:24.551" level="INFO">Slept 500 milliseconds</msg>
<status status="PASS" starttime="20240323 17:52:24.049" endtime="20240323 17:52:24.551"></status>
</kw>
<kw name="Click Element" library="SeleniumLibrary">
<doc>Click the element identified by ``locator``.</doc>
<arguments>
<arg>${SIDE_MENU_COLLAPSE}</arg>
</arguments>
<msg timestamp="20240323 17:52:24.552" level="INFO">Clicking element 'xpath=//button[@class="oxd-icon-button oxd-main-menu-button"]'.</msg>
<status status="PASS" starttime="20240323 17:52:24.551" endtime="20240323 17:52:24.662"></status>
</kw>
<status status="PASS" starttime="20240323 17:52:23.950" endtime="20240323 17:52:24.663"></status>
</kw>
<kw name="Verify_search">
<kw name="Wait Until Keyword Succeeds" library="BuiltIn">
<doc>Runs the specified keyword and retries if it fails.</doc>
<arguments>
<arg>6s</arg>
<arg>2s</arg>
<arg>Press Keys</arg>
<arg>${SEARCH_BUTT}</arg>
<arg>CTRL+a</arg>
</arguments>
<kw name="Press Keys" library="SeleniumLibrary">
<doc>Simulates the user pressing key(s) to an element or on the active browser.</doc>
<arguments>
<arg>${SEARCH_BUTT}</arg>
<arg>CTRL+a</arg>
</arguments>
<msg timestamp="20240323 17:52:24.667" level="INFO">Sending key(s) ('CTRL+a',) to xpath=//input[@class="oxd-input oxd-input--active"] element.</msg>
<msg timestamp="20240323 17:52:25.011" level="INFO">Pressing special key CONTROL down.</msg>
<msg timestamp="20240323 17:52:25.012" level="INFO">Sending key a</msg>
<msg timestamp="20240323 17:52:25.012" level="INFO">Releasing special key CONTROL.</msg>
<status status="PASS" starttime="20240323 17:52:24.666" endtime="20240323 17:52:25.039"></status>
</kw>
<status status="PASS" starttime="20240323 17:52:24.665" endtime="20240323 17:52:25.040"></status>
</kw>
<kw name="Sleep" library="BuiltIn">
<doc>Pauses the test executed for the given time.</doc>
<arguments>
<arg>1</arg>
</arguments>
<msg timestamp="20240323 17:52:26.041" level="INFO">Slept 1 second</msg>
<status status="PASS" starttime="20240323 17:52:25.041" endtime="20240323 17:52:26.041"></status>
</kw>
<kw name="Wait Until Keyword Succeeds" library="BuiltIn">
<doc>Runs the specified keyword and retries if it fails.</doc>
<arguments>
<arg>6s</arg>
<arg>2s</arg>
<arg>Press Keys</arg>
<arg>${SEARCH_BUTT}</arg>
<arg>BACKSPACE</arg>
<arg>ENTER</arg>
</arguments>
<kw name="Press Keys" library="SeleniumLibrary">
<doc>Simulates the user pressing key(s) to an element or on the active browser.</doc>
<arguments>
<arg>${SEARCH_BUTT}</arg>
<arg>BACKSPACE</arg>
<arg>ENTER</arg>
</arguments>
<msg timestamp="20240323 17:52:26.045" level="INFO">Sending key(s) ('BACKSPACE', 'ENTER') to xpath=//input[@class="oxd-input oxd-input--active"] element.</msg>
<msg timestamp="20240323 17:52:26.481" level="INFO">Pressing special key BACKSPACE to element.</msg>
<msg timestamp="20240323 17:52:26.482" level="INFO">Releasing special key BACKSPACE.</msg>
<msg timestamp="20240323 17:52:26.731" level="INFO">Pressing special key ENTER to element.</msg>
<msg timestamp="20240323 17:52:26.732" level="INFO">Releasing special key ENTER.</msg>
<status status="PASS" starttime="20240323 17:52:26.044" endtime="20240323 17:52:26.756"></status>
</kw>
<status status="PASS" starttime="20240323 17:52:26.042" endtime="20240323 17:52:26.757"></status>
</kw>
<status status="PASS" starttime="20240323 17:52:24.664" endtime="20240323 17:52:26.758"></status>
</kw>
<status status="PASS" starttime="20240323 17:52:23.134" endtime="20240323 17:52:26.759"></status>
</kw>
<status status="PASS" starttime="20240323 17:52:23.134" endtime="20240323 17:52:26.760"></status>
</kw>
<kw name="Logout of application">
<kw name="Set Browser Implicit Wait" library="SeleniumLibrary">
<doc>Sets the implicit wait value used by Selenium.</doc>
<arguments>
<arg>5s</arg>
</arguments>
<status status="PASS" starttime="20240323 17:52:26.763" endtime="20240323 17:52:26.768"></status>
</kw>
<kw name="Click Element" library="SeleniumLibrary">
<doc>Click the element identified by ``locator``.</doc>
<arguments>
<arg>${USER_DROP}</arg>
</arguments>
<msg timestamp="20240323 17:52:26.771" level="INFO">Clicking element 'xpath=//span[@class='oxd-userdropdown-tab']'.</msg>
<status status="PASS" starttime="20240323 17:52:26.769" endtime="20240323 17:52:26.928"></status>
</kw>
<kw name="Sleep" library="BuiltIn">
<doc>Pauses the test executed for the given time.</doc>
<arguments>
<arg>1</arg>
</arguments>
<msg timestamp="20240323 17:52:27.931" level="INFO">Slept 1 second</msg>
<status status="PASS" starttime="20240323 17:52:26.929" endtime="20240323 17:52:27.931"></status>
</kw>
<kw name="Click Element" library="SeleniumLibrary">
<doc>Click the element identified by ``locator``.</doc>
<arguments>
<arg>${LOG_OUT}</arg>
</arguments>
<msg timestamp="20240323 17:52:27.932" level="INFO">Clicking element 'xpath=//a[text()='Logout']'.</msg>
<status status="PASS" starttime="20240323 17:52:27.932" endtime="20240323 17:52:29.069"></status>
</kw>
<kw name="Close Browser" library="SeleniumLibrary">
<doc>Closes the current browser.</doc>
<status status="PASS" starttime="20240323 17:52:29.070" endtime="20240323 17:52:31.857"></status>
</kw>
<status status="PASS" starttime="20240323 17:52:26.762" endtime="20240323 17:52:31.858"></status>
</kw>
<status status="PASS" starttime="20240323 17:52:01.550" endtime="20240323 17:52:31.858" critical="yes"></status>
</test>
<status status="PASS" starttime="20240323 17:52:00.783" endtime="20240323 17:52:31.860"></status>
</suite>
<status status="PASS" starttime="20240323 17:52:00.772" endtime="20240323 17:52:31.864"></status>
</suite>
<status status="PASS" starttime="20240323 17:52:00.725" endtime="20240323 17:52:31.869"></status>
</suite>
<statistics>
<total>
<stat pass="1" fail="0">Critical Tests</stat>
<stat pass="1" fail="0">All Tests</stat>
</total>
<tag>
</tag>
<suite>
<stat pass="1" fail="0" id="s1" name="RobotProject1">RobotProject1</stat>
<stat pass="1" fail="0" id="s1-s1" name="Testcases">RobotProject1.Testcases</stat>
<stat pass="1" fail="0" id="s1-s1-s1" name="Forloop">RobotProject1.Testcases.Forloop</stat>
</suite>
</statistics>
<errors>
</errors>
</robot>
