<?xml version="1.0" encoding="UTF-8"?>
<robot generator="Robot 3.2.2 (Python 3.11.1 on win32)" generated="20240908 22:57:00.776" rpa="false">
<suite id="s1" name="RobotProject1" source="C:\Users\Bharat Choudhary\git\Robot-Project\RobotProject1">
<suite id="s1-s1" name="M1 Module" source="C:\Users\Bharat Choudhary\git\Robot-Project\RobotProject1\M1_Module">
<suite id="s1-s1-s1" name="Login" source="C:\Users\Bharat Choudhary\git\Robot-Project\RobotProject1\M1_Module\login.robot">
<test id="s1-s1-s1-t1" name="Myfirstcase">
<kw name="Login into application" library="m1_resource">
<kw name="Evaluate" library="BuiltIn">
<doc>Evaluates the given expression in Python and returns the result.</doc>
<arguments>
<arg>sys.modules['selenium.webdriver'].EdgeOptions()</arg>
<arg>sys, selenium.webdriver</arg>
</arguments>
<assign>
<var>${options}</var>
</assign>
<msg timestamp="20240908 22:57:01.978" level="INFO">${options} = &lt;selenium.webdriver.edge.options.Options object at 0x00000181CDE9E4D0&gt;</msg>
<status status="PASS" starttime="20240908 22:57:01.977" endtime="20240908 22:57:01.979"></status>
</kw>
<kw name="Call Method" library="BuiltIn">
<doc>Calls the named method of the given object with the provided arguments.</doc>
<arguments>
<arg>${options}</arg>
<arg>add_argument</arg>
<arg>--headless</arg>
</arguments>
<status status="PASS" starttime="20240908 22:57:01.979" endtime="20240908 22:57:01.980"></status>
</kw>
<kw name="Create Webdriver" library="SeleniumLibrary">
<doc>Creates an instance of Selenium WebDriver.</doc>
<arguments>
<arg>Edge</arg>
<arg>options=${options}</arg>
</arguments>
<msg timestamp="20240908 22:57:01.982" level="INFO">Creating an instance of the Edge WebDriver.</msg>
<status status="PASS" starttime="20240908 22:57:01.981" endtime="20240908 22:57:04.252"></status>
</kw>
<kw name="Go To" library="SeleniumLibrary">
<doc>Navigates the current browser window to the provided ``url``.</doc>
<arguments>
<arg>${URL}</arg>
</arguments>
<msg timestamp="20240908 22:57:04.262" level="INFO">Opening url 'https://opensource-demo.orangehrmlive.com/'</msg>
<status status="PASS" starttime="20240908 22:57:04.253" endtime="20240908 22:58:01.611"></status>
</kw>
<kw name="Maximize Browser Window" library="SeleniumLibrary">
<doc>Maximizes current browser window.</doc>
<status status="PASS" starttime="20240908 22:58:01.612" endtime="20240908 22:58:01.653"></status>
</kw>
<kw name="Set Browser Implicit Wait" library="SeleniumLibrary">
<doc>Sets the implicit wait value used by Selenium.</doc>
<arguments>
<arg>5s</arg>
</arguments>
<status status="PASS" starttime="20240908 22:58:01.654" endtime="20240908 22:58:01.657"></status>
</kw>
<kw name="Input Text" library="SeleniumLibrary">
<doc>Types the given ``text`` into the text field identified by ``locator``.</doc>
<arguments>
<arg>${USERNAME_TXT}</arg>
<arg>Admin</arg>
</arguments>
<msg timestamp="20240908 22:58:01.658" level="INFO">Typing text 'Admin' into text field 'xpath=//input[@name='username']'.</msg>
<status status="PASS" starttime="20240908 22:58:01.657" endtime="20240908 22:58:03.791"></status>
</kw>
<kw name="Input Text" library="SeleniumLibrary">
<doc>Types the given ``text`` into the text field identified by ``locator``.</doc>
<arguments>
<arg>${PASSWORD_TXT}</arg>
<arg>admin123</arg>
</arguments>
<msg timestamp="20240908 22:58:03.794" level="INFO">Typing text 'admin123' into text field 'xpath=//input[@name='password']'.</msg>
<status status="PASS" starttime="20240908 22:58:03.792" endtime="20240908 22:58:04.308"></status>
</kw>
<kw name="Click Element" library="SeleniumLibrary">
<doc>Click the element identified by ``locator``.</doc>
<arguments>
<arg>${LOGIN_BUTTON}</arg>
</arguments>
<msg timestamp="20240908 22:58:04.310" level="INFO">Clicking element 'xpath=//button[@type='submit']'.</msg>
<status status="PASS" starttime="20240908 22:58:04.309" endtime="20240908 22:58:07.189"></status>
</kw>
<status status="PASS" starttime="20240908 22:57:01.976" endtime="20240908 22:58:07.189"></status>
</kw>
<kw name="Sleep" library="BuiltIn">
<doc>Pauses the test executed for the given time.</doc>
<arguments>
<arg>5s</arg>
</arguments>
<msg timestamp="20240908 22:58:12.192" level="INFO">Slept 5 seconds</msg>
<status status="PASS" starttime="20240908 22:58:07.190" endtime="20240908 22:58:12.192"></status>
</kw>
<status status="PASS" starttime="20240908 22:57:01.973" endtime="20240908 22:58:12.192" critical="yes"></status>
</test>
<status status="PASS" starttime="20240908 22:57:00.980" endtime="20240908 22:58:12.193"></status>
</suite>
<status status="PASS" starttime="20240908 22:57:00.967" endtime="20240908 22:58:12.196"></status>
</suite>
<status status="PASS" starttime="20240908 22:57:00.905" endtime="20240908 22:58:12.197"></status>
</suite>
<statistics>
<total>
<stat pass="1" fail="0">Critical Tests</stat>
<stat pass="1" fail="0">All Tests</stat>
</total>
<tag>
</tag>
<suite>
<stat pass="1" fail="0" id="s1" name="RobotProject1">RobotProject1</stat>
<stat pass="1" fail="0" id="s1-s1" name="M1 Module">RobotProject1.M1 Module</stat>
<stat pass="1" fail="0" id="s1-s1-s1" name="Login">RobotProject1.M1 Module.Login</stat>
</suite>
</statistics>
<errors>
</errors>
</robot>
