<?xml version="1.0" encoding="UTF-8"?>
<robot generator="Robot 3.2.2 (Python 3.11.1 on win32)" generated="20240323 10:44:23.420" rpa="false">
<suite id="s1" name="RobotProject1" source="C:\RobotProject1">
<suite id="s1-s1" name="Testcases" source="C:\RobotProject1\Testcases">
<suite id="s1-s1-s1" name="IF ELSE" source="C:\RobotProject1\Testcases\IF_ELSE.robot">
<test id="s1-s1-s1-t1" name="Myfirstcase">
<kw name="Evaluate" library="BuiltIn">
<doc>Evaluates the given expression in Python and returns the result.</doc>
<arguments>
<arg>sys.modules['selenium.webdriver'].EdgeOptions()</arg>
<arg>sys, selenium.webdriver</arg>
</arguments>
<assign>
<var>${options}</var>
</assign>
<msg timestamp="20240323 10:44:24.117" level="INFO">${options} = &lt;selenium.webdriver.edge.options.Options object at 0x000001E8BA957250&gt;</msg>
<status status="PASS" starttime="20240323 10:44:24.115" endtime="20240323 10:44:24.117"></status>
</kw>
<kw name="Call Method" library="BuiltIn">
<doc>Calls the named method of the given object with the provided arguments.</doc>
<arguments>
<arg>${options}</arg>
<arg>add_argument</arg>
<arg>--headless</arg>
</arguments>
<status status="PASS" starttime="20240323 10:44:24.118" endtime="20240323 10:44:24.118"></status>
</kw>
<kw name="Create Webdriver" library="SeleniumLibrary">
<doc>Creates an instance of Selenium WebDriver.</doc>
<arguments>
<arg>Edge</arg>
<arg>options=${options}</arg>
</arguments>
<msg timestamp="20240323 10:44:24.120" level="INFO">Creating an instance of the Edge WebDriver.</msg>
<status status="PASS" starttime="20240323 10:44:24.119" endtime="20240323 10:44:28.001"></status>
</kw>
<kw name="Go To" library="SeleniumLibrary">
<doc>Navigates the current browser window to the provided ``url``.</doc>
<arguments>
<arg>${URL}</arg>
</arguments>
<msg timestamp="20240323 10:44:28.007" level="INFO">Opening url 'https://opensource-demo.orangehrmlive.com/'</msg>
<status status="PASS" starttime="20240323 10:44:28.002" endtime="20240323 10:44:34.672"></status>
</kw>
<kw name="Maximize Browser Window" library="SeleniumLibrary">
<doc>Maximizes current browser window.</doc>
<status status="PASS" starttime="20240323 10:44:34.672" endtime="20240323 10:44:34.783"></status>
</kw>
<kw name="Set Browser Implicit Wait" library="SeleniumLibrary">
<doc>Sets the implicit wait value used by Selenium.</doc>
<arguments>
<arg>5s</arg>
</arguments>
<status status="PASS" starttime="20240323 10:44:34.784" endtime="20240323 10:44:34.787"></status>
</kw>
<kw name="Input Text" library="SeleniumLibrary">
<doc>Types the given ``text`` into the text field identified by ``locator``.</doc>
<arguments>
<arg>${USERNAME_TXT}</arg>
<arg>Admin</arg>
</arguments>
<msg timestamp="20240323 10:44:34.788" level="INFO">Typing text 'Admin' into text field 'xpath=//input[@name='username']'.</msg>
<status status="PASS" starttime="20240323 10:44:34.787" endtime="20240323 10:44:35.407"></status>
</kw>
<kw name="Input Text" library="SeleniumLibrary">
<doc>Types the given ``text`` into the text field identified by ``locator``.</doc>
<arguments>
<arg>${PASSWORD_TXT}</arg>
<arg>admin123</arg>
</arguments>
<msg timestamp="20240323 10:44:35.409" level="INFO">Typing text 'admin123' into text field 'xpath=//input[@name='password']'.</msg>
<status status="PASS" starttime="20240323 10:44:35.408" endtime="20240323 10:44:35.572"></status>
</kw>
<kw name="Click Element" library="SeleniumLibrary">
<doc>Click the element identified by ``locator``.</doc>
<arguments>
<arg>${LOGIN_BUTTON}</arg>
</arguments>
<msg timestamp="20240323 10:44:35.573" level="INFO">Clicking element 'xpath=//button[@type='submit']'.</msg>
<status status="PASS" starttime="20240323 10:44:35.572" endtime="20240323 10:44:35.733"></status>
</kw>
<kw name="Sleep" library="BuiltIn">
<doc>Pauses the test executed for the given time.</doc>
<arguments>
<arg>4</arg>
</arguments>
<msg timestamp="20240323 10:44:39.735" level="INFO">Slept 4 seconds</msg>
<status status="PASS" starttime="20240323 10:44:35.733" endtime="20240323 10:44:39.735"></status>
</kw>
<kw name="Get Element Count" library="SeleniumLibrary">
<doc>Returns the number of elements matching ``locator``.</doc>
<arguments>
<arg>xpath://a</arg>
</arguments>
<assign>
<var>${links}</var>
</assign>
<msg timestamp="20240323 10:44:39.753" level="INFO">${links} = 14</msg>
<status status="PASS" starttime="20240323 10:44:39.735" endtime="20240323 10:44:39.753"></status>
</kw>
<kw name="${i} IN RANGE [ 1 | ${links} ]" type="for">
<kw name="${i} = 1" type="foritem">
<kw name="Get Text" library="SeleniumLibrary">
<doc>Returns the text value of the element identified by ``locator``.</doc>
<arguments>
<arg>xpath:(//a)[${i}]</arg>
</arguments>
<assign>
<var>${text}</var>
</assign>
<msg timestamp="20240323 10:44:39.791" level="INFO">${text} = </msg>
<status status="PASS" starttime="20240323 10:44:39.754" endtime="20240323 10:44:39.791"></status>
</kw>
<kw name="Log To Console" library="BuiltIn">
<doc>Logs the given message to the console.</doc>
<arguments>
<arg>${text}</arg>
</arguments>
<status status="PASS" starttime="20240323 10:44:39.792" endtime="20240323 10:44:39.792"></status>
</kw>
<status status="PASS" starttime="20240323 10:44:39.754" endtime="20240323 10:44:39.792"></status>
</kw>
<kw name="${i} = 2" type="foritem">
<kw name="Get Text" library="SeleniumLibrary">
<doc>Returns the text value of the element identified by ``locator``.</doc>
<arguments>
<arg>xpath:(//a)[${i}]</arg>
</arguments>
<assign>
<var>${text}</var>
</assign>
<msg timestamp="20240323 10:44:39.824" level="INFO">${text} = Admin</msg>
<status status="PASS" starttime="20240323 10:44:39.793" endtime="20240323 10:44:39.824"></status>
</kw>
<kw name="Log To Console" library="BuiltIn">
<doc>Logs the given message to the console.</doc>
<arguments>
<arg>${text}</arg>
</arguments>
<status status="PASS" starttime="20240323 10:44:39.825" endtime="20240323 10:44:39.826"></status>
</kw>
<status status="PASS" starttime="20240323 10:44:39.792" endtime="20240323 10:44:39.826"></status>
</kw>
<kw name="${i} = 3" type="foritem">
<kw name="Get Text" library="SeleniumLibrary">
<doc>Returns the text value of the element identified by ``locator``.</doc>
<arguments>
<arg>xpath:(//a)[${i}]</arg>
</arguments>
<assign>
<var>${text}</var>
</assign>
<msg timestamp="20240323 10:44:39.857" level="INFO">${text} = PIM</msg>
<status status="PASS" starttime="20240323 10:44:39.827" endtime="20240323 10:44:39.857"></status>
</kw>
<kw name="Log To Console" library="BuiltIn">
<doc>Logs the given message to the console.</doc>
<arguments>
<arg>${text}</arg>
</arguments>
<status status="PASS" starttime="20240323 10:44:39.858" endtime="20240323 10:44:39.858"></status>
</kw>
<status status="PASS" starttime="20240323 10:44:39.826" endtime="20240323 10:44:39.858"></status>
</kw>
<kw name="${i} = 4" type="foritem">
<kw name="Get Text" library="SeleniumLibrary">
<doc>Returns the text value of the element identified by ``locator``.</doc>
<arguments>
<arg>xpath:(//a)[${i}]</arg>
</arguments>
<assign>
<var>${text}</var>
</assign>
<msg timestamp="20240323 10:44:39.888" level="INFO">${text} = Leave</msg>
<status status="PASS" starttime="20240323 10:44:39.859" endtime="20240323 10:44:39.889"></status>
</kw>
<kw name="Log To Console" library="BuiltIn">
<doc>Logs the given message to the console.</doc>
<arguments>
<arg>${text}</arg>
</arguments>
<status status="PASS" starttime="20240323 10:44:39.889" endtime="20240323 10:44:39.889"></status>
</kw>
<status status="PASS" starttime="20240323 10:44:39.859" endtime="20240323 10:44:39.890"></status>
</kw>
<kw name="${i} = 5" type="foritem">
<kw name="Get Text" library="SeleniumLibrary">
<doc>Returns the text value of the element identified by ``locator``.</doc>
<arguments>
<arg>xpath:(//a)[${i}]</arg>
</arguments>
<assign>
<var>${text}</var>
</assign>
<msg timestamp="20240323 10:44:39.917" level="INFO">${text} = Time</msg>
<status status="PASS" starttime="20240323 10:44:39.890" endtime="20240323 10:44:39.917"></status>
</kw>
<kw name="Log To Console" library="BuiltIn">
<doc>Logs the given message to the console.</doc>
<arguments>
<arg>${text}</arg>
</arguments>
<status status="PASS" starttime="20240323 10:44:39.917" endtime="20240323 10:44:39.918"></status>
</kw>
<status status="PASS" starttime="20240323 10:44:39.890" endtime="20240323 10:44:39.918"></status>
</kw>
<kw name="${i} = 6" type="foritem">
<kw name="Get Text" library="SeleniumLibrary">
<doc>Returns the text value of the element identified by ``locator``.</doc>
<arguments>
<arg>xpath:(//a)[${i}]</arg>
</arguments>
<assign>
<var>${text}</var>
</assign>
<msg timestamp="20240323 10:44:39.950" level="INFO">${text} = Recruitment</msg>
<status status="PASS" starttime="20240323 10:44:39.918" endtime="20240323 10:44:39.950"></status>
</kw>
<kw name="Log To Console" library="BuiltIn">
<doc>Logs the given message to the console.</doc>
<arguments>
<arg>${text}</arg>
</arguments>
<status status="PASS" starttime="20240323 10:44:39.951" endtime="20240323 10:44:39.951"></status>
</kw>
<status status="PASS" starttime="20240323 10:44:39.918" endtime="20240323 10:44:39.952"></status>
</kw>
<kw name="${i} = 7" type="foritem">
<kw name="Get Text" library="SeleniumLibrary">
<doc>Returns the text value of the element identified by ``locator``.</doc>
<arguments>
<arg>xpath:(//a)[${i}]</arg>
</arguments>
<assign>
<var>${text}</var>
</assign>
<msg timestamp="20240323 10:44:39.989" level="INFO">${text} = My Info</msg>
<status status="PASS" starttime="20240323 10:44:39.952" endtime="20240323 10:44:39.990"></status>
</kw>
<kw name="Log To Console" library="BuiltIn">
<doc>Logs the given message to the console.</doc>
<arguments>
<arg>${text}</arg>
</arguments>
<status status="PASS" starttime="20240323 10:44:39.990" endtime="20240323 10:44:39.990"></status>
</kw>
<status status="PASS" starttime="20240323 10:44:39.952" endtime="20240323 10:44:39.991"></status>
</kw>
<kw name="${i} = 8" type="foritem">
<kw name="Get Text" library="SeleniumLibrary">
<doc>Returns the text value of the element identified by ``locator``.</doc>
<arguments>
<arg>xpath:(//a)[${i}]</arg>
</arguments>
<assign>
<var>${text}</var>
</assign>
<msg timestamp="20240323 10:44:40.018" level="INFO">${text} = Performance</msg>
<status status="PASS" starttime="20240323 10:44:39.991" endtime="20240323 10:44:40.019"></status>
</kw>
<kw name="Log To Console" library="BuiltIn">
<doc>Logs the given message to the console.</doc>
<arguments>
<arg>${text}</arg>
</arguments>
<status status="PASS" starttime="20240323 10:44:40.019" endtime="20240323 10:44:40.019"></status>
</kw>
<status status="PASS" starttime="20240323 10:44:39.991" endtime="20240323 10:44:40.019"></status>
</kw>
<kw name="${i} = 9" type="foritem">
<kw name="Get Text" library="SeleniumLibrary">
<doc>Returns the text value of the element identified by ``locator``.</doc>
<arguments>
<arg>xpath:(//a)[${i}]</arg>
</arguments>
<assign>
<var>${text}</var>
</assign>
<msg timestamp="20240323 10:44:40.046" level="INFO">${text} = Dashboard</msg>
<status status="PASS" starttime="20240323 10:44:40.020" endtime="20240323 10:44:40.047"></status>
</kw>
<kw name="Log To Console" library="BuiltIn">
<doc>Logs the given message to the console.</doc>
<arguments>
<arg>${text}</arg>
</arguments>
<status status="PASS" starttime="20240323 10:44:40.047" endtime="20240323 10:44:40.048"></status>
</kw>
<status status="PASS" starttime="20240323 10:44:40.020" endtime="20240323 10:44:40.048"></status>
</kw>
<kw name="${i} = 10" type="foritem">
<kw name="Get Text" library="SeleniumLibrary">
<doc>Returns the text value of the element identified by ``locator``.</doc>
<arguments>
<arg>xpath:(//a)[${i}]</arg>
</arguments>
<assign>
<var>${text}</var>
</assign>
<msg timestamp="20240323 10:44:40.072" level="INFO">${text} = Directory</msg>
<status status="PASS" starttime="20240323 10:44:40.049" endtime="20240323 10:44:40.073"></status>
</kw>
<kw name="Log To Console" library="BuiltIn">
<doc>Logs the given message to the console.</doc>
<arguments>
<arg>${text}</arg>
</arguments>
<status status="PASS" starttime="20240323 10:44:40.073" endtime="20240323 10:44:40.073"></status>
</kw>
<status status="PASS" starttime="20240323 10:44:40.048" endtime="20240323 10:44:40.073"></status>
</kw>
<kw name="${i} = 11" type="foritem">
<kw name="Get Text" library="SeleniumLibrary">
<doc>Returns the text value of the element identified by ``locator``.</doc>
<arguments>
<arg>xpath:(//a)[${i}]</arg>
</arguments>
<assign>
<var>${text}</var>
</assign>
<msg timestamp="20240323 10:44:40.100" level="INFO">${text} = Maintenance</msg>
<status status="PASS" starttime="20240323 10:44:40.074" endtime="20240323 10:44:40.100"></status>
</kw>
<kw name="Log To Console" library="BuiltIn">
<doc>Logs the given message to the console.</doc>
<arguments>
<arg>${text}</arg>
</arguments>
<status status="PASS" starttime="20240323 10:44:40.100" endtime="20240323 10:44:40.100"></status>
</kw>
<status status="PASS" starttime="20240323 10:44:40.074" endtime="20240323 10:44:40.101"></status>
</kw>
<kw name="${i} = 12" type="foritem">
<kw name="Get Text" library="SeleniumLibrary">
<doc>Returns the text value of the element identified by ``locator``.</doc>
<arguments>
<arg>xpath:(//a)[${i}]</arg>
</arguments>
<assign>
<var>${text}</var>
</assign>
<msg timestamp="20240323 10:44:40.127" level="INFO">${text} = Claim</msg>
<status status="PASS" starttime="20240323 10:44:40.101" endtime="20240323 10:44:40.127"></status>
</kw>
<kw name="Log To Console" library="BuiltIn">
<doc>Logs the given message to the console.</doc>
<arguments>
<arg>${text}</arg>
</arguments>
<status status="PASS" starttime="20240323 10:44:40.128" endtime="20240323 10:44:40.128"></status>
</kw>
<status status="PASS" starttime="20240323 10:44:40.101" endtime="20240323 10:44:40.128"></status>
</kw>
<kw name="${i} = 13" type="foritem">
<kw name="Get Text" library="SeleniumLibrary">
<doc>Returns the text value of the element identified by ``locator``.</doc>
<arguments>
<arg>xpath:(//a)[${i}]</arg>
</arguments>
<assign>
<var>${text}</var>
</assign>
<msg timestamp="20240323 10:44:40.154" level="INFO">${text} = Buzz</msg>
<status status="PASS" starttime="20240323 10:44:40.129" endtime="20240323 10:44:40.154"></status>
</kw>
<kw name="Log To Console" library="BuiltIn">
<doc>Logs the given message to the console.</doc>
<arguments>
<arg>${text}</arg>
</arguments>
<status status="PASS" starttime="20240323 10:44:40.154" endtime="20240323 10:44:40.154"></status>
</kw>
<status status="PASS" starttime="20240323 10:44:40.129" endtime="20240323 10:44:40.155"></status>
</kw>
<status status="PASS" starttime="20240323 10:44:39.753" endtime="20240323 10:44:40.155"></status>
</kw>
<status status="PASS" starttime="20240323 10:44:24.113" endtime="20240323 10:44:40.155" critical="yes"></status>
</test>
<status status="PASS" starttime="20240323 10:44:23.559" endtime="20240323 10:44:40.156"></status>
</suite>
<status status="PASS" starttime="20240323 10:44:23.554" endtime="20240323 10:44:40.159"></status>
</suite>
<status status="PASS" starttime="20240323 10:44:23.526" endtime="20240323 10:44:40.161"></status>
</suite>
<statistics>
<total>
<stat pass="1" fail="0">Critical Tests</stat>
<stat pass="1" fail="0">All Tests</stat>
</total>
<tag>
</tag>
<suite>
<stat pass="1" fail="0" id="s1" name="RobotProject1">RobotProject1</stat>
<stat pass="1" fail="0" id="s1-s1" name="Testcases">RobotProject1.Testcases</stat>
<stat pass="1" fail="0" id="s1-s1-s1" name="IF ELSE">RobotProject1.Testcases.IF ELSE</stat>
</suite>
</statistics>
<errors>
</errors>
</robot>
